[2025-06-18T11:20:49.995+0000] {local_task_job_runner.py:120} INFO - ::group::Pre task execution logs
[2025-06-18T11:20:50.048+0000] {taskinstance.py:2073} INFO - Dependencies all met for dep_context=non-requeueable deps ti=<TaskInstance: pipeline_elt_docker.run_elt scheduled__2025-06-17T00:00:00+00:00 [queued]>
[2025-06-18T11:20:50.063+0000] {taskinstance.py:2073} INFO - Dependencies all met for dep_context=requeueable deps ti=<TaskInstance: pipeline_elt_docker.run_elt scheduled__2025-06-17T00:00:00+00:00 [queued]>
[2025-06-18T11:20:50.078+0000] {taskinstance.py:2303} INFO - Starting attempt 1 of 1
[2025-06-18T11:20:50.110+0000] {taskinstance.py:2327} INFO - Executing <Task(DockerOperator): run_elt> on 2025-06-17 00:00:00+00:00
[2025-06-18T11:20:50.116+0000] {standard_task_runner.py:63} INFO - Started process 309 to run task
[2025-06-18T11:20:50.122+0000] {standard_task_runner.py:90} INFO - Running: ['***', 'tasks', 'run', 'pipeline_elt_docker', 'run_elt', 'scheduled__2025-06-17T00:00:00+00:00', '--job-id', '5', '--raw', '--subdir', 'DAGS_FOLDER/pipeline.py', '--cfg-path', '/tmp/tmpwxbk4e5l']
[2025-06-18T11:20:50.129+0000] {standard_task_runner.py:91} INFO - Job 5: Subtask run_elt
[2025-06-18T11:20:50.243+0000] {task_command.py:426} INFO - Running <TaskInstance: pipeline_elt_docker.run_elt scheduled__2025-06-17T00:00:00+00:00 [running]> on host ***_scheduler
[2025-06-18T11:20:50.433+0000] {taskinstance.py:2644} INFO - Exporting env vars: AIRFLOW_CTX_DAG_OWNER='***' AIRFLOW_CTX_DAG_ID='pipeline_elt_docker' AIRFLOW_CTX_TASK_ID='run_elt' AIRFLOW_CTX_EXECUTION_DATE='2025-06-17T00:00:00+00:00' AIRFLOW_CTX_TRY_NUMBER='1' AIRFLOW_CTX_DAG_RUN_ID='scheduled__2025-06-17T00:00:00+00:00'
[2025-06-18T11:20:50.434+0000] {taskinstance.py:430} INFO - ::endgroup::
[2025-06-18T11:20:50.517+0000] {docker.py:359} INFO - Starting docker container from image elt
[2025-06-18T11:20:50.539+0000] {docker.py:367} WARNING - Using remote engine or docker-in-docker and mounting temporary volume from host is not supported. Falling back to `mount_tmp_dir=False` mode. You can set `mount_tmp_dir` parameter to False to disable mounting and remove the warning
[2025-06-18T11:20:50.557+0000] {taskinstance.py:441} INFO - ::group::Post task execution logs
[2025-06-18T11:20:50.559+0000] {taskinstance.py:2890} ERROR - Task failed with exception
Traceback (most recent call last):
  File "/home/airflow/.local/lib/python3.8/site-packages/docker/api/client.py", line 265, in _raise_for_status
    response.raise_for_status()
  File "/home/airflow/.local/lib/python3.8/site-packages/requests/models.py", line 1021, in raise_for_status
    raise HTTPError(http_error_msg, response=self)
requests.exceptions.HTTPError: 400 Client Error: Bad Request for url: http+docker://localhost/v1.44/containers/create?name=elt_task_container

The above exception was the direct cause of the following exception:

Traceback (most recent call last):
  File "/home/airflow/.local/lib/python3.8/site-packages/airflow/providers/docker/operators/docker.py", line 364, in _run_image
    return self._run_image_with_mounts([*self.mounts, tmp_mount], add_tmp_variable=True)
  File "/home/airflow/.local/lib/python3.8/site-packages/airflow/providers/docker/operators/docker.py", line 391, in _run_image_with_mounts
    self.container = self.cli.create_container(
  File "/home/airflow/.local/lib/python3.8/site-packages/docker/api/container.py", line 439, in create_container
    return self.create_container_from_config(config, name, platform)
  File "/home/airflow/.local/lib/python3.8/site-packages/docker/api/container.py", line 456, in create_container_from_config
    return self._result(res, True)
  File "/home/airflow/.local/lib/python3.8/site-packages/docker/api/client.py", line 271, in _result
    self._raise_for_status(response)
  File "/home/airflow/.local/lib/python3.8/site-packages/docker/api/client.py", line 267, in _raise_for_status
    raise create_api_error_from_http_exception(e) from e
  File "/home/airflow/.local/lib/python3.8/site-packages/docker/errors.py", line 39, in create_api_error_from_http_exception
    raise cls(e, response=response, explanation=explanation) from e
docker.errors.APIError: 400 Client Error for http+docker://localhost/v1.44/containers/create?name=elt_task_container: Bad Request ("invalid mount config for type "bind": bind source path does not exist: /tmp/airflowtmpqcgpdray")

During handling of the above exception, another exception occurred:

Traceback (most recent call last):
  File "/home/airflow/.local/lib/python3.8/site-packages/docker/api/client.py", line 265, in _raise_for_status
    response.raise_for_status()
  File "/home/airflow/.local/lib/python3.8/site-packages/requests/models.py", line 1021, in raise_for_status
    raise HTTPError(http_error_msg, response=self)
requests.exceptions.HTTPError: 409 Client Error: Conflict for url: http+docker://localhost/v1.44/containers/create?name=elt_task_container

The above exception was the direct cause of the following exception:

Traceback (most recent call last):
  File "/home/airflow/.local/lib/python3.8/site-packages/airflow/models/taskinstance.py", line 465, in _execute_task
    result = _execute_callable(context=context, **execute_callable_kwargs)
  File "/home/airflow/.local/lib/python3.8/site-packages/airflow/models/taskinstance.py", line 432, in _execute_callable
    return execute_callable(context=context, **execute_callable_kwargs)
  File "/home/airflow/.local/lib/python3.8/site-packages/airflow/models/baseoperator.py", line 400, in wrapper
    return func(self, *args, **kwargs)
  File "/home/airflow/.local/lib/python3.8/site-packages/airflow/providers/docker/operators/docker.py", line 502, in execute
    return self._run_image()
  File "/home/airflow/.local/lib/python3.8/site-packages/airflow/providers/docker/operators/docker.py", line 373, in _run_image
    return self._run_image_with_mounts(self.mounts, add_tmp_variable=False)
  File "/home/airflow/.local/lib/python3.8/site-packages/airflow/providers/docker/operators/docker.py", line 391, in _run_image_with_mounts
    self.container = self.cli.create_container(
  File "/home/airflow/.local/lib/python3.8/site-packages/docker/api/container.py", line 439, in create_container
    return self.create_container_from_config(config, name, platform)
  File "/home/airflow/.local/lib/python3.8/site-packages/docker/api/container.py", line 456, in create_container_from_config
    return self._result(res, True)
  File "/home/airflow/.local/lib/python3.8/site-packages/docker/api/client.py", line 271, in _result
    self._raise_for_status(response)
  File "/home/airflow/.local/lib/python3.8/site-packages/docker/api/client.py", line 267, in _raise_for_status
    raise create_api_error_from_http_exception(e) from e
  File "/home/airflow/.local/lib/python3.8/site-packages/docker/errors.py", line 39, in create_api_error_from_http_exception
    raise cls(e, response=response, explanation=explanation) from e
docker.errors.APIError: 409 Client Error for http+docker://localhost/v1.44/containers/create?name=elt_task_container: Conflict ("Conflict. The container name "/elt_task_container" is already in use by container "355f5518c87673edce25fa54e87c0d5896deb1c526deae594a49268345bd8ce7". You have to remove (or rename) that container to be able to reuse that name.")
[2025-06-18T11:20:50.579+0000] {taskinstance.py:1205} INFO - Marking task as FAILED. dag_id=pipeline_elt_docker, task_id=run_elt, execution_date=20250617T000000, start_date=20250618T112050, end_date=20250618T112050
[2025-06-18T11:20:50.605+0000] {standard_task_runner.py:110} ERROR - Failed to execute job 5 for task run_elt (409 Client Error for http+docker://localhost/v1.44/containers/create?name=elt_task_container: Conflict ("Conflict. The container name "/elt_task_container" is already in use by container "355f5518c87673edce25fa54e87c0d5896deb1c526deae594a49268345bd8ce7". You have to remove (or rename) that container to be able to reuse that name."); 309)
[2025-06-18T11:20:50.618+0000] {local_task_job_runner.py:240} INFO - Task exited with return code 1
[2025-06-18T11:20:50.671+0000] {taskinstance.py:3482} INFO - 0 downstream tasks scheduled from follow-on schedule check
[2025-06-18T11:20:50.686+0000] {local_task_job_runner.py:222} INFO - ::endgroup::
[2025-06-18T11:29:58.389+0000] {local_task_job_runner.py:120} INFO - ::group::Pre task execution logs
[2025-06-18T11:29:58.446+0000] {taskinstance.py:2073} INFO - Dependencies all met for dep_context=non-requeueable deps ti=<TaskInstance: pipeline_elt_docker.run_elt scheduled__2025-06-17T00:00:00+00:00 [queued]>
[2025-06-18T11:29:58.463+0000] {taskinstance.py:2073} INFO - Dependencies all met for dep_context=requeueable deps ti=<TaskInstance: pipeline_elt_docker.run_elt scheduled__2025-06-17T00:00:00+00:00 [queued]>
[2025-06-18T11:29:58.464+0000] {taskinstance.py:2303} INFO - Starting attempt 1 of 1
[2025-06-18T11:29:58.504+0000] {taskinstance.py:2327} INFO - Executing <Task(DockerOperator): run_elt> on 2025-06-17 00:00:00+00:00
[2025-06-18T11:29:58.511+0000] {standard_task_runner.py:63} INFO - Started process 189 to run task
[2025-06-18T11:29:58.518+0000] {standard_task_runner.py:90} INFO - Running: ['***', 'tasks', 'run', 'pipeline_elt_docker', 'run_elt', 'scheduled__2025-06-17T00:00:00+00:00', '--job-id', '2', '--raw', '--subdir', 'DAGS_FOLDER/pipeline.py', '--cfg-path', '/tmp/tmpjure1j68']
[2025-06-18T11:29:58.523+0000] {standard_task_runner.py:91} INFO - Job 2: Subtask run_elt
[2025-06-18T11:29:58.632+0000] {task_command.py:426} INFO - Running <TaskInstance: pipeline_elt_docker.run_elt scheduled__2025-06-17T00:00:00+00:00 [running]> on host ***_scheduler
[2025-06-18T11:29:58.820+0000] {taskinstance.py:2644} INFO - Exporting env vars: AIRFLOW_CTX_DAG_OWNER='***' AIRFLOW_CTX_DAG_ID='pipeline_elt_docker' AIRFLOW_CTX_TASK_ID='run_elt' AIRFLOW_CTX_EXECUTION_DATE='2025-06-17T00:00:00+00:00' AIRFLOW_CTX_TRY_NUMBER='1' AIRFLOW_CTX_DAG_RUN_ID='scheduled__2025-06-17T00:00:00+00:00'
[2025-06-18T11:29:58.821+0000] {taskinstance.py:430} INFO - ::endgroup::
[2025-06-18T11:29:58.931+0000] {docker.py:359} INFO - Starting docker container from image elt
[2025-06-18T11:29:58.952+0000] {docker.py:367} WARNING - Using remote engine or docker-in-docker and mounting temporary volume from host is not supported. Falling back to `mount_tmp_dir=False` mode. You can set `mount_tmp_dir` parameter to False to disable mounting and remove the warning
[2025-06-18T11:29:58.973+0000] {taskinstance.py:441} INFO - ::group::Post task execution logs
[2025-06-18T11:29:58.975+0000] {taskinstance.py:2890} ERROR - Task failed with exception
Traceback (most recent call last):
  File "/home/airflow/.local/lib/python3.8/site-packages/docker/api/client.py", line 265, in _raise_for_status
    response.raise_for_status()
  File "/home/airflow/.local/lib/python3.8/site-packages/requests/models.py", line 1021, in raise_for_status
    raise HTTPError(http_error_msg, response=self)
requests.exceptions.HTTPError: 400 Client Error: Bad Request for url: http+docker://localhost/v1.44/containers/create?name=elt_task_container

The above exception was the direct cause of the following exception:

Traceback (most recent call last):
  File "/home/airflow/.local/lib/python3.8/site-packages/airflow/providers/docker/operators/docker.py", line 364, in _run_image
    return self._run_image_with_mounts([*self.mounts, tmp_mount], add_tmp_variable=True)
  File "/home/airflow/.local/lib/python3.8/site-packages/airflow/providers/docker/operators/docker.py", line 391, in _run_image_with_mounts
    self.container = self.cli.create_container(
  File "/home/airflow/.local/lib/python3.8/site-packages/docker/api/container.py", line 439, in create_container
    return self.create_container_from_config(config, name, platform)
  File "/home/airflow/.local/lib/python3.8/site-packages/docker/api/container.py", line 456, in create_container_from_config
    return self._result(res, True)
  File "/home/airflow/.local/lib/python3.8/site-packages/docker/api/client.py", line 271, in _result
    self._raise_for_status(response)
  File "/home/airflow/.local/lib/python3.8/site-packages/docker/api/client.py", line 267, in _raise_for_status
    raise create_api_error_from_http_exception(e) from e
  File "/home/airflow/.local/lib/python3.8/site-packages/docker/errors.py", line 39, in create_api_error_from_http_exception
    raise cls(e, response=response, explanation=explanation) from e
docker.errors.APIError: 400 Client Error for http+docker://localhost/v1.44/containers/create?name=elt_task_container: Bad Request ("invalid mount config for type "bind": bind source path does not exist: /tmp/airflowtmplj1l8s2z")

During handling of the above exception, another exception occurred:

Traceback (most recent call last):
  File "/home/airflow/.local/lib/python3.8/site-packages/docker/api/client.py", line 265, in _raise_for_status
    response.raise_for_status()
  File "/home/airflow/.local/lib/python3.8/site-packages/requests/models.py", line 1021, in raise_for_status
    raise HTTPError(http_error_msg, response=self)
requests.exceptions.HTTPError: 409 Client Error: Conflict for url: http+docker://localhost/v1.44/containers/create?name=elt_task_container

The above exception was the direct cause of the following exception:

Traceback (most recent call last):
  File "/home/airflow/.local/lib/python3.8/site-packages/airflow/models/taskinstance.py", line 465, in _execute_task
    result = _execute_callable(context=context, **execute_callable_kwargs)
  File "/home/airflow/.local/lib/python3.8/site-packages/airflow/models/taskinstance.py", line 432, in _execute_callable
    return execute_callable(context=context, **execute_callable_kwargs)
  File "/home/airflow/.local/lib/python3.8/site-packages/airflow/models/baseoperator.py", line 400, in wrapper
    return func(self, *args, **kwargs)
  File "/home/airflow/.local/lib/python3.8/site-packages/airflow/providers/docker/operators/docker.py", line 502, in execute
    return self._run_image()
  File "/home/airflow/.local/lib/python3.8/site-packages/airflow/providers/docker/operators/docker.py", line 373, in _run_image
    return self._run_image_with_mounts(self.mounts, add_tmp_variable=False)
  File "/home/airflow/.local/lib/python3.8/site-packages/airflow/providers/docker/operators/docker.py", line 391, in _run_image_with_mounts
    self.container = self.cli.create_container(
  File "/home/airflow/.local/lib/python3.8/site-packages/docker/api/container.py", line 439, in create_container
    return self.create_container_from_config(config, name, platform)
  File "/home/airflow/.local/lib/python3.8/site-packages/docker/api/container.py", line 456, in create_container_from_config
    return self._result(res, True)
  File "/home/airflow/.local/lib/python3.8/site-packages/docker/api/client.py", line 271, in _result
    self._raise_for_status(response)
  File "/home/airflow/.local/lib/python3.8/site-packages/docker/api/client.py", line 267, in _raise_for_status
    raise create_api_error_from_http_exception(e) from e
  File "/home/airflow/.local/lib/python3.8/site-packages/docker/errors.py", line 39, in create_api_error_from_http_exception
    raise cls(e, response=response, explanation=explanation) from e
docker.errors.APIError: 409 Client Error for http+docker://localhost/v1.44/containers/create?name=elt_task_container: Conflict ("Conflict. The container name "/elt_task_container" is already in use by container "4a084d885d64ce6bf1b968c8f20eb9699857012b3944daff46efca1cf3f62052". You have to remove (or rename) that container to be able to reuse that name.")
[2025-06-18T11:29:58.996+0000] {taskinstance.py:1205} INFO - Marking task as FAILED. dag_id=pipeline_elt_docker, task_id=run_elt, execution_date=20250617T000000, start_date=20250618T112958, end_date=20250618T112958
[2025-06-18T11:29:59.026+0000] {standard_task_runner.py:110} ERROR - Failed to execute job 2 for task run_elt (409 Client Error for http+docker://localhost/v1.44/containers/create?name=elt_task_container: Conflict ("Conflict. The container name "/elt_task_container" is already in use by container "4a084d885d64ce6bf1b968c8f20eb9699857012b3944daff46efca1cf3f62052". You have to remove (or rename) that container to be able to reuse that name."); 189)
[2025-06-18T11:29:59.053+0000] {local_task_job_runner.py:240} INFO - Task exited with return code 1
[2025-06-18T11:29:59.091+0000] {taskinstance.py:3482} INFO - 0 downstream tasks scheduled from follow-on schedule check
[2025-06-18T11:29:59.106+0000] {local_task_job_runner.py:222} INFO - ::endgroup::
[2025-06-18T11:38:26.223+0000] {local_task_job_runner.py:120} INFO - ::group::Pre task execution logs
[2025-06-18T11:38:26.265+0000] {taskinstance.py:2073} INFO - Dependencies all met for dep_context=non-requeueable deps ti=<TaskInstance: pipeline_elt_docker.run_elt scheduled__2025-06-17T00:00:00+00:00 [queued]>
[2025-06-18T11:38:26.277+0000] {taskinstance.py:2073} INFO - Dependencies all met for dep_context=requeueable deps ti=<TaskInstance: pipeline_elt_docker.run_elt scheduled__2025-06-17T00:00:00+00:00 [queued]>
[2025-06-18T11:38:26.277+0000] {taskinstance.py:2303} INFO - Starting attempt 1 of 1
[2025-06-18T11:38:26.300+0000] {taskinstance.py:2327} INFO - Executing <Task(DockerOperator): run_elt> on 2025-06-17 00:00:00+00:00
[2025-06-18T11:38:26.307+0000] {standard_task_runner.py:63} INFO - Started process 189 to run task
[2025-06-18T11:38:26.314+0000] {standard_task_runner.py:90} INFO - Running: ['***', 'tasks', 'run', 'pipeline_elt_docker', 'run_elt', 'scheduled__2025-06-17T00:00:00+00:00', '--job-id', '2', '--raw', '--subdir', 'DAGS_FOLDER/pipeline.py', '--cfg-path', '/tmp/tmpejdqfxt_']
[2025-06-18T11:38:26.318+0000] {standard_task_runner.py:91} INFO - Job 2: Subtask run_elt
[2025-06-18T11:38:26.404+0000] {task_command.py:426} INFO - Running <TaskInstance: pipeline_elt_docker.run_elt scheduled__2025-06-17T00:00:00+00:00 [running]> on host ***_scheduler
[2025-06-18T11:38:26.550+0000] {taskinstance.py:2644} INFO - Exporting env vars: AIRFLOW_CTX_DAG_OWNER='***' AIRFLOW_CTX_DAG_ID='pipeline_elt_docker' AIRFLOW_CTX_TASK_ID='run_elt' AIRFLOW_CTX_EXECUTION_DATE='2025-06-17T00:00:00+00:00' AIRFLOW_CTX_TRY_NUMBER='1' AIRFLOW_CTX_DAG_RUN_ID='scheduled__2025-06-17T00:00:00+00:00'
[2025-06-18T11:38:26.551+0000] {taskinstance.py:430} INFO - ::endgroup::
[2025-06-18T11:38:26.657+0000] {docker.py:359} INFO - Starting docker container from image elt
[2025-06-18T11:38:26.693+0000] {taskinstance.py:441} INFO - ::group::Post task execution logs
[2025-06-18T11:38:26.694+0000] {taskinstance.py:2890} ERROR - Task failed with exception
Traceback (most recent call last):
  File "/home/airflow/.local/lib/python3.8/site-packages/docker/api/client.py", line 265, in _raise_for_status
    response.raise_for_status()
  File "/home/airflow/.local/lib/python3.8/site-packages/requests/models.py", line 1021, in raise_for_status
    raise HTTPError(http_error_msg, response=self)
requests.exceptions.HTTPError: 409 Client Error: Conflict for url: http+docker://localhost/v1.44/containers/create?name=elt_task_container

The above exception was the direct cause of the following exception:

Traceback (most recent call last):
  File "/home/airflow/.local/lib/python3.8/site-packages/airflow/models/taskinstance.py", line 465, in _execute_task
    result = _execute_callable(context=context, **execute_callable_kwargs)
  File "/home/airflow/.local/lib/python3.8/site-packages/airflow/models/taskinstance.py", line 432, in _execute_callable
    return execute_callable(context=context, **execute_callable_kwargs)
  File "/home/airflow/.local/lib/python3.8/site-packages/airflow/models/baseoperator.py", line 400, in wrapper
    return func(self, *args, **kwargs)
  File "/home/airflow/.local/lib/python3.8/site-packages/airflow/providers/docker/operators/docker.py", line 502, in execute
    return self._run_image()
  File "/home/airflow/.local/lib/python3.8/site-packages/airflow/providers/docker/operators/docker.py", line 376, in _run_image
    return self._run_image_with_mounts(self.mounts, add_tmp_variable=False)
  File "/home/airflow/.local/lib/python3.8/site-packages/airflow/providers/docker/operators/docker.py", line 391, in _run_image_with_mounts
    self.container = self.cli.create_container(
  File "/home/airflow/.local/lib/python3.8/site-packages/docker/api/container.py", line 439, in create_container
    return self.create_container_from_config(config, name, platform)
  File "/home/airflow/.local/lib/python3.8/site-packages/docker/api/container.py", line 456, in create_container_from_config
    return self._result(res, True)
  File "/home/airflow/.local/lib/python3.8/site-packages/docker/api/client.py", line 271, in _result
    self._raise_for_status(response)
  File "/home/airflow/.local/lib/python3.8/site-packages/docker/api/client.py", line 267, in _raise_for_status
    raise create_api_error_from_http_exception(e) from e
  File "/home/airflow/.local/lib/python3.8/site-packages/docker/errors.py", line 39, in create_api_error_from_http_exception
    raise cls(e, response=response, explanation=explanation) from e
docker.errors.APIError: 409 Client Error for http+docker://localhost/v1.44/containers/create?name=elt_task_container: Conflict ("Conflict. The container name "/elt_task_container" is already in use by container "d8724244a13a74467f24c0c626eb152b8b982469c5d5f008016b317fcfde70ab". You have to remove (or rename) that container to be able to reuse that name.")
[2025-06-18T11:38:26.704+0000] {taskinstance.py:1205} INFO - Marking task as FAILED. dag_id=pipeline_elt_docker, task_id=run_elt, execution_date=20250617T000000, start_date=20250618T113826, end_date=20250618T113826
[2025-06-18T11:38:26.736+0000] {standard_task_runner.py:110} ERROR - Failed to execute job 2 for task run_elt (409 Client Error for http+docker://localhost/v1.44/containers/create?name=elt_task_container: Conflict ("Conflict. The container name "/elt_task_container" is already in use by container "d8724244a13a74467f24c0c626eb152b8b982469c5d5f008016b317fcfde70ab". You have to remove (or rename) that container to be able to reuse that name."); 189)
[2025-06-18T11:38:26.768+0000] {local_task_job_runner.py:240} INFO - Task exited with return code 1
[2025-06-18T11:38:26.798+0000] {taskinstance.py:3482} INFO - 0 downstream tasks scheduled from follow-on schedule check
[2025-06-18T11:38:26.807+0000] {local_task_job_runner.py:222} INFO - ::endgroup::
