[2025-06-18T11:38:28.443+0000] {local_task_job_runner.py:120} INFO - ::group::Pre task execution logs
[2025-06-18T11:38:28.488+0000] {taskinstance.py:2073} INFO - Dependencies all met for dep_context=non-requeueable deps ti=<TaskInstance: pipeline_elt_docker.run_dbt manual__2025-06-18T11:38:25.175003+00:00 [queued]>
[2025-06-18T11:38:28.503+0000] {taskinstance.py:2073} INFO - Dependencies all met for dep_context=requeueable deps ti=<TaskInstance: pipeline_elt_docker.run_dbt manual__2025-06-18T11:38:25.175003+00:00 [queued]>
[2025-06-18T11:38:28.505+0000] {taskinstance.py:2303} INFO - Starting attempt 1 of 1
[2025-06-18T11:38:28.526+0000] {taskinstance.py:2327} INFO - Executing <Task(DockerOperator): run_dbt> on 2025-06-18 11:38:25.175003+00:00
[2025-06-18T11:38:28.532+0000] {standard_task_runner.py:63} INFO - Started process 191 to run task
[2025-06-18T11:38:28.536+0000] {standard_task_runner.py:90} INFO - Running: ['***', 'tasks', 'run', 'pipeline_elt_docker', 'run_dbt', 'manual__2025-06-18T11:38:25.175003+00:00', '--job-id', '4', '--raw', '--subdir', 'DAGS_FOLDER/pipeline.py', '--cfg-path', '/tmp/tmpiq8d107_']
[2025-06-18T11:38:28.539+0000] {standard_task_runner.py:91} INFO - Job 4: Subtask run_dbt
[2025-06-18T11:38:28.609+0000] {task_command.py:426} INFO - Running <TaskInstance: pipeline_elt_docker.run_dbt manual__2025-06-18T11:38:25.175003+00:00 [running]> on host ***_scheduler
[2025-06-18T11:38:28.717+0000] {taskinstance.py:2644} INFO - Exporting env vars: AIRFLOW_CTX_DAG_OWNER='***' AIRFLOW_CTX_DAG_ID='pipeline_elt_docker' AIRFLOW_CTX_TASK_ID='run_dbt' AIRFLOW_CTX_EXECUTION_DATE='2025-06-18T11:38:25.175003+00:00' AIRFLOW_CTX_TRY_NUMBER='1' AIRFLOW_CTX_DAG_RUN_ID='manual__2025-06-18T11:38:25.175003+00:00'
[2025-06-18T11:38:28.718+0000] {taskinstance.py:430} INFO - ::endgroup::
[2025-06-18T11:38:28.762+0000] {docker.py:486} INFO - Pulling docker image dbt
[2025-06-18T11:38:30.111+0000] {taskinstance.py:441} INFO - ::group::Post task execution logs
[2025-06-18T11:38:30.112+0000] {taskinstance.py:2890} ERROR - Task failed with exception
Traceback (most recent call last):
  File "/home/airflow/.local/lib/python3.8/site-packages/docker/api/client.py", line 265, in _raise_for_status
    response.raise_for_status()
  File "/home/airflow/.local/lib/python3.8/site-packages/requests/models.py", line 1021, in raise_for_status
    raise HTTPError(http_error_msg, response=self)
requests.exceptions.HTTPError: 404 Client Error: Not Found for url: http+docker://localhost/v1.44/images/create?tag=latest&fromImage=dbt

The above exception was the direct cause of the following exception:

Traceback (most recent call last):
  File "/home/airflow/.local/lib/python3.8/site-packages/airflow/models/taskinstance.py", line 465, in _execute_task
    result = _execute_callable(context=context, **execute_callable_kwargs)
  File "/home/airflow/.local/lib/python3.8/site-packages/airflow/models/taskinstance.py", line 432, in _execute_callable
    return execute_callable(context=context, **execute_callable_kwargs)
  File "/home/airflow/.local/lib/python3.8/site-packages/airflow/models/baseoperator.py", line 400, in wrapper
    return func(self, *args, **kwargs)
  File "/home/airflow/.local/lib/python3.8/site-packages/airflow/providers/docker/operators/docker.py", line 488, in execute
    for output in self.cli.pull(self.image, stream=True, decode=True):
  File "/home/airflow/.local/lib/python3.8/site-packages/docker/api/image.py", line 429, in pull
    self._raise_for_status(response)
  File "/home/airflow/.local/lib/python3.8/site-packages/docker/api/client.py", line 267, in _raise_for_status
    raise create_api_error_from_http_exception(e) from e
  File "/home/airflow/.local/lib/python3.8/site-packages/docker/errors.py", line 39, in create_api_error_from_http_exception
    raise cls(e, response=response, explanation=explanation) from e
docker.errors.ImageNotFound: 404 Client Error for http+docker://localhost/v1.44/images/create?tag=latest&fromImage=dbt: Not Found ("pull access denied for dbt, repository does not exist or may require 'docker login': denied: requested access to the resource is denied")
[2025-06-18T11:38:30.120+0000] {taskinstance.py:1205} INFO - Marking task as FAILED. dag_id=pipeline_elt_docker, task_id=run_dbt, execution_date=20250618T113825, start_date=20250618T113828, end_date=20250618T113830
[2025-06-18T11:38:30.136+0000] {standard_task_runner.py:110} ERROR - Failed to execute job 4 for task run_dbt (404 Client Error for http+docker://localhost/v1.44/images/create?tag=latest&fromImage=dbt: Not Found ("pull access denied for dbt, repository does not exist or may require 'docker login': denied: requested access to the resource is denied"); 191)
[2025-06-18T11:38:30.155+0000] {local_task_job_runner.py:240} INFO - Task exited with return code 1
[2025-06-18T11:38:30.176+0000] {taskinstance.py:3482} INFO - 0 downstream tasks scheduled from follow-on schedule check
[2025-06-18T11:38:30.179+0000] {local_task_job_runner.py:222} INFO - ::endgroup::
