[2025-06-18T11:20:49.995+0000] {local_task_job_runner.py:120} INFO - ::group::Pre task execution logs
[2025-06-18T11:20:50.051+0000] {taskinstance.py:2073} INFO - Dependencies all met for dep_context=non-requeueable deps ti=<TaskInstance: pipeline_elt_docker.run_elt manual__2025-06-18T11:20:49.062589+00:00 [queued]>
[2025-06-18T11:20:50.065+0000] {taskinstance.py:2073} INFO - Dependencies all met for dep_context=requeueable deps ti=<TaskInstance: pipeline_elt_docker.run_elt manual__2025-06-18T11:20:49.062589+00:00 [queued]>
[2025-06-18T11:20:50.078+0000] {taskinstance.py:2303} INFO - Starting attempt 1 of 1
[2025-06-18T11:20:50.110+0000] {taskinstance.py:2327} INFO - Executing <Task(DockerOperator): run_elt> on 2025-06-18 11:20:49.062589+00:00
[2025-06-18T11:20:50.116+0000] {standard_task_runner.py:63} INFO - Started process 310 to run task
[2025-06-18T11:20:50.122+0000] {standard_task_runner.py:90} INFO - Running: ['***', 'tasks', 'run', 'pipeline_elt_docker', 'run_elt', 'manual__2025-06-18T11:20:49.062589+00:00', '--job-id', '6', '--raw', '--subdir', 'DAGS_FOLDER/pipeline.py', '--cfg-path', '/tmp/tmpf2em3kgb']
[2025-06-18T11:20:50.129+0000] {standard_task_runner.py:91} INFO - Job 6: Subtask run_elt
[2025-06-18T11:20:50.238+0000] {task_command.py:426} INFO - Running <TaskInstance: pipeline_elt_docker.run_elt manual__2025-06-18T11:20:49.062589+00:00 [running]> on host ***_scheduler
[2025-06-18T11:20:50.429+0000] {taskinstance.py:2644} INFO - Exporting env vars: AIRFLOW_CTX_DAG_OWNER='***' AIRFLOW_CTX_DAG_ID='pipeline_elt_docker' AIRFLOW_CTX_TASK_ID='run_elt' AIRFLOW_CTX_EXECUTION_DATE='2025-06-18T11:20:49.062589+00:00' AIRFLOW_CTX_TRY_NUMBER='1' AIRFLOW_CTX_DAG_RUN_ID='manual__2025-06-18T11:20:49.062589+00:00'
[2025-06-18T11:20:50.431+0000] {taskinstance.py:430} INFO - ::endgroup::
[2025-06-18T11:20:50.513+0000] {docker.py:359} INFO - Starting docker container from image elt
[2025-06-18T11:20:50.537+0000] {docker.py:367} WARNING - Using remote engine or docker-in-docker and mounting temporary volume from host is not supported. Falling back to `mount_tmp_dir=False` mode. You can set `mount_tmp_dir` parameter to False to disable mounting and remove the warning
[2025-06-18T11:20:51.781+0000] {taskinstance.py:441} INFO - ::group::Post task execution logs
[2025-06-18T11:20:51.782+0000] {taskinstance.py:2890} ERROR - Task failed with exception
Traceback (most recent call last):
  File "/home/airflow/.local/lib/python3.8/site-packages/docker/api/client.py", line 265, in _raise_for_status
    response.raise_for_status()
  File "/home/airflow/.local/lib/python3.8/site-packages/requests/models.py", line 1021, in raise_for_status
    raise HTTPError(http_error_msg, response=self)
requests.exceptions.HTTPError: 400 Client Error: Bad Request for url: http+docker://localhost/v1.44/containers/create?name=elt_task_container

The above exception was the direct cause of the following exception:

Traceback (most recent call last):
  File "/home/airflow/.local/lib/python3.8/site-packages/airflow/providers/docker/operators/docker.py", line 364, in _run_image
    return self._run_image_with_mounts([*self.mounts, tmp_mount], add_tmp_variable=True)
  File "/home/airflow/.local/lib/python3.8/site-packages/airflow/providers/docker/operators/docker.py", line 391, in _run_image_with_mounts
    self.container = self.cli.create_container(
  File "/home/airflow/.local/lib/python3.8/site-packages/docker/api/container.py", line 439, in create_container
    return self.create_container_from_config(config, name, platform)
  File "/home/airflow/.local/lib/python3.8/site-packages/docker/api/container.py", line 456, in create_container_from_config
    return self._result(res, True)
  File "/home/airflow/.local/lib/python3.8/site-packages/docker/api/client.py", line 271, in _result
    self._raise_for_status(response)
  File "/home/airflow/.local/lib/python3.8/site-packages/docker/api/client.py", line 267, in _raise_for_status
    raise create_api_error_from_http_exception(e) from e
  File "/home/airflow/.local/lib/python3.8/site-packages/docker/errors.py", line 39, in create_api_error_from_http_exception
    raise cls(e, response=response, explanation=explanation) from e
docker.errors.APIError: 400 Client Error for http+docker://localhost/v1.44/containers/create?name=elt_task_container: Bad Request ("invalid mount config for type "bind": bind source path does not exist: /tmp/airflowtmpgpkgx93v")

During handling of the above exception, another exception occurred:

Traceback (most recent call last):
  File "/home/airflow/.local/lib/python3.8/site-packages/docker/api/client.py", line 265, in _raise_for_status
    response.raise_for_status()
  File "/home/airflow/.local/lib/python3.8/site-packages/requests/models.py", line 1021, in raise_for_status
    raise HTTPError(http_error_msg, response=self)
requests.exceptions.HTTPError: 404 Client Error: Not Found for url: http+docker://localhost/v1.44/containers/355f5518c87673edce25fa54e87c0d5896deb1c526deae594a49268345bd8ce7/start

The above exception was the direct cause of the following exception:

Traceback (most recent call last):
  File "/home/airflow/.local/lib/python3.8/site-packages/airflow/models/taskinstance.py", line 465, in _execute_task
    result = _execute_callable(context=context, **execute_callable_kwargs)
  File "/home/airflow/.local/lib/python3.8/site-packages/airflow/models/taskinstance.py", line 432, in _execute_callable
    return execute_callable(context=context, **execute_callable_kwargs)
  File "/home/airflow/.local/lib/python3.8/site-packages/airflow/models/baseoperator.py", line 400, in wrapper
    return func(self, *args, **kwargs)
  File "/home/airflow/.local/lib/python3.8/site-packages/airflow/providers/docker/operators/docker.py", line 502, in execute
    return self._run_image()
  File "/home/airflow/.local/lib/python3.8/site-packages/airflow/providers/docker/operators/docker.py", line 373, in _run_image
    return self._run_image_with_mounts(self.mounts, add_tmp_variable=False)
  File "/home/airflow/.local/lib/python3.8/site-packages/airflow/providers/docker/operators/docker.py", line 423, in _run_image_with_mounts
    self.cli.start(self.container["Id"])
  File "/home/airflow/.local/lib/python3.8/site-packages/docker/utils/decorators.py", line 19, in wrapped
    return f(self, resource_id, *args, **kwargs)
  File "/home/airflow/.local/lib/python3.8/site-packages/docker/api/container.py", line 1135, in start
    self._raise_for_status(res)
  File "/home/airflow/.local/lib/python3.8/site-packages/docker/api/client.py", line 267, in _raise_for_status
    raise create_api_error_from_http_exception(e) from e
  File "/home/airflow/.local/lib/python3.8/site-packages/docker/errors.py", line 39, in create_api_error_from_http_exception
    raise cls(e, response=response, explanation=explanation) from e
docker.errors.NotFound: 404 Client Error for http+docker://localhost/v1.44/containers/355f5518c87673edce25fa54e87c0d5896deb1c526deae594a49268345bd8ce7/start: Not Found ("network data-pipeline not found")
[2025-06-18T11:20:51.799+0000] {taskinstance.py:1205} INFO - Marking task as FAILED. dag_id=pipeline_elt_docker, task_id=run_elt, execution_date=20250618T112049, start_date=20250618T112050, end_date=20250618T112051
[2025-06-18T11:20:51.847+0000] {standard_task_runner.py:110} ERROR - Failed to execute job 6 for task run_elt (404 Client Error for http+docker://localhost/v1.44/containers/355f5518c87673edce25fa54e87c0d5896deb1c526deae594a49268345bd8ce7/start: Not Found ("network data-pipeline not found"); 310)
[2025-06-18T11:20:51.864+0000] {local_task_job_runner.py:240} INFO - Task exited with return code 1
[2025-06-18T11:20:51.926+0000] {taskinstance.py:3482} INFO - 0 downstream tasks scheduled from follow-on schedule check
[2025-06-18T11:20:51.943+0000] {local_task_job_runner.py:222} INFO - ::endgroup::
