[2025-06-18T10:33:52.647+0000] {manager.py:470} INFO - Processing files using up to 2 processes at a time 
[2025-06-18T10:33:52.648+0000] {manager.py:471} INFO - Process each file at most once every 30 seconds
[2025-06-18T10:33:52.649+0000] {manager.py:472} INFO - Checking for new files in /opt/airflow/dags every 300 seconds
[2025-06-18T10:33:52.649+0000] {manager.py:737} INFO - Searching for files in /opt/airflow/dags
[2025-06-18T10:33:52.685+0000] {manager.py:740} INFO - There are 2 files in /opt/airflow/dags
[2025-06-18T10:33:53.252+0000] {manager.py:878} INFO - 
================================================================================
DAG File Processing Stats

File Path                                         PID  Runtime      # DAGs    # Errors  Last Runtime    Last Run
----------------------------------------------  -----  ---------  --------  ----------  --------------  ----------
/opt/airflow/dags/openweather_air_pollution.py    171  0.11s             0           0
/opt/airflow/dags/pipeline.py                     174  0.09s             0           0
================================================================================
[2025-06-18T10:34:23.437+0000] {manager.py:878} INFO - 
================================================================================
DAG File Processing Stats

File Path                                       PID    Runtime      # DAGs    # Errors  Last Runtime    Last Run
----------------------------------------------  -----  ---------  --------  ----------  --------------  -------------------
/opt/airflow/dags/openweather_air_pollution.py                           1           0  3.90s           2025-06-18T10:33:57
/opt/airflow/dags/pipeline.py                                            1           0  3.87s           2025-06-18T10:33:57
================================================================================
[2025-06-18T10:34:53.876+0000] {manager.py:878} INFO - 
================================================================================
DAG File Processing Stats

File Path                                       PID    Runtime      # DAGs    # Errors  Last Runtime    Last Run
----------------------------------------------  -----  ---------  --------  ----------  --------------  -------------------
/opt/airflow/dags/openweather_air_pollution.py                           1           0  0.48s           2025-06-18T10:34:27
/opt/airflow/dags/pipeline.py                                            1           0  0.47s           2025-06-18T10:34:27
================================================================================
[2025-06-18T10:35:04.138+0000] {manager.py:452} INFO - Exiting gracefully upon receiving signal 15
[2025-06-18T10:36:06.679+0000] {manager.py:470} INFO - Processing files using up to 2 processes at a time 
[2025-06-18T10:36:06.681+0000] {manager.py:471} INFO - Process each file at most once every 30 seconds
[2025-06-18T10:36:06.683+0000] {manager.py:472} INFO - Checking for new files in /opt/airflow/dags every 300 seconds
[2025-06-18T10:36:06.684+0000] {manager.py:737} INFO - Searching for files in /opt/airflow/dags
[2025-06-18T10:36:06.742+0000] {manager.py:740} INFO - There are 2 files in /opt/airflow/dags
[2025-06-18T10:36:07.493+0000] {manager.py:878} INFO - 
================================================================================
DAG File Processing Stats

File Path                                         PID  Runtime      # DAGs    # Errors  Last Runtime    Last Run
----------------------------------------------  -----  ---------  --------  ----------  --------------  ----------
/opt/airflow/dags/openweather_air_pollution.py    171  0.08s             0           0
/opt/airflow/dags/pipeline.py                     174  0.06s             0           0
================================================================================
[2025-06-18T10:36:12.542+0000] {manager.py:452} INFO - Exiting gracefully upon receiving signal 15
[2025-06-18T10:37:03.811+0000] {manager.py:470} INFO - Processing files using up to 2 processes at a time 
[2025-06-18T10:37:03.812+0000] {manager.py:471} INFO - Process each file at most once every 30 seconds
[2025-06-18T10:37:03.812+0000] {manager.py:472} INFO - Checking for new files in /opt/airflow/dags every 300 seconds
[2025-06-18T10:37:03.813+0000] {manager.py:737} INFO - Searching for files in /opt/airflow/dags
[2025-06-18T10:37:03.849+0000] {manager.py:740} INFO - There are 2 files in /opt/airflow/dags
[2025-06-18T10:37:04.550+0000] {manager.py:878} INFO - 
================================================================================
DAG File Processing Stats

File Path                                         PID  Runtime      # DAGs    # Errors  Last Runtime    Last Run
----------------------------------------------  -----  ---------  --------  ----------  --------------  ----------
/opt/airflow/dags/openweather_air_pollution.py    171  0.09s             0           0
/opt/airflow/dags/pipeline.py                     174  0.07s             0           0
================================================================================
[2025-06-18T10:37:35.465+0000] {manager.py:878} INFO - 
================================================================================
DAG File Processing Stats

File Path                                         PID  Runtime      # DAGs    # Errors  Last Runtime    Last Run
----------------------------------------------  -----  ---------  --------  ----------  --------------  -------------------
/opt/airflow/dags/openweather_air_pollution.py    181  0.02s             1           0  0.76s           2025-06-18T10:37:05
/opt/airflow/dags/pipeline.py                     184  0.01s             1           0  0.72s           2025-06-18T10:37:05
================================================================================
[2025-06-18T10:38:06.018+0000] {manager.py:878} INFO - 
================================================================================
DAG File Processing Stats

File Path                                         PID  Runtime      # DAGs    # Errors  Last Runtime    Last Run
----------------------------------------------  -----  ---------  --------  ----------  --------------  -------------------
/opt/airflow/dags/pipeline.py                     194  0.00s             1           0  0.23s           2025-06-18T10:37:35
/opt/airflow/dags/openweather_air_pollution.py    191  0.02s             1           0  0.20s           2025-06-18T10:37:35
================================================================================
[2025-06-18T10:38:25.585+0000] {manager.py:452} INFO - Exiting gracefully upon receiving signal 15
[2025-06-18T10:39:26.544+0000] {manager.py:470} INFO - Processing files using up to 2 processes at a time 
[2025-06-18T10:39:26.546+0000] {manager.py:471} INFO - Process each file at most once every 30 seconds
[2025-06-18T10:39:26.546+0000] {manager.py:472} INFO - Checking for new files in /opt/airflow/dags every 300 seconds
[2025-06-18T10:39:26.547+0000] {manager.py:737} INFO - Searching for files in /opt/airflow/dags
[2025-06-18T10:39:26.604+0000] {manager.py:740} INFO - There are 2 files in /opt/airflow/dags
[2025-06-18T10:39:27.209+0000] {manager.py:878} INFO - 
================================================================================
DAG File Processing Stats

File Path                                         PID  Runtime      # DAGs    # Errors  Last Runtime    Last Run
----------------------------------------------  -----  ---------  --------  ----------  --------------  ----------
/opt/airflow/dags/openweather_air_pollution.py    171  0.07s             0           0
/opt/airflow/dags/pipeline.py                     174  0.05s             0           0
================================================================================
[2025-06-18T10:39:54.554+0000] {manager.py:452} INFO - Exiting gracefully upon receiving signal 15
[2025-06-18T10:41:48.643+0000] {manager.py:470} INFO - Processing files using up to 2 processes at a time 
[2025-06-18T10:41:48.644+0000] {manager.py:471} INFO - Process each file at most once every 30 seconds
[2025-06-18T10:41:48.645+0000] {manager.py:472} INFO - Checking for new files in /opt/airflow/dags every 300 seconds
[2025-06-18T10:41:48.647+0000] {manager.py:737} INFO - Searching for files in /opt/airflow/dags
[2025-06-18T10:41:48.738+0000] {manager.py:740} INFO - There are 2 files in /opt/airflow/dags
[2025-06-18T10:41:49.545+0000] {manager.py:878} INFO - 
================================================================================
DAG File Processing Stats

File Path                                         PID  Runtime      # DAGs    # Errors  Last Runtime    Last Run
----------------------------------------------  -----  ---------  --------  ----------  --------------  ----------
/opt/airflow/dags/openweather_air_pollution.py    172  0.10s             0           0
/opt/airflow/dags/pipeline.py                     175  0.08s             0           0
================================================================================
[2025-06-18T10:42:19.777+0000] {manager.py:878} INFO - 
================================================================================
DAG File Processing Stats

File Path                                         PID  Runtime      # DAGs    # Errors  Last Runtime    Last Run
----------------------------------------------  -----  ---------  --------  ----------  --------------  -------------------
/opt/airflow/dags/openweather_air_pollution.py    182  0.02s             1           0  0.29s           2025-06-18T10:41:49
/opt/airflow/dags/pipeline.py                     185  0.01s             1           0  0.26s           2025-06-18T10:41:49
================================================================================
[2025-06-18T10:42:50.085+0000] {manager.py:878} INFO - 
================================================================================
DAG File Processing Stats

File Path                                       PID    Runtime      # DAGs    # Errors  Last Runtime    Last Run
----------------------------------------------  -----  ---------  --------  ----------  --------------  -------------------
/opt/airflow/dags/openweather_air_pollution.py                           1           0  0.55s           2025-06-18T10:42:20
/opt/airflow/dags/pipeline.py                                            1           0  0.54s           2025-06-18T10:42:20
================================================================================
[2025-06-18T10:43:20.975+0000] {manager.py:878} INFO - 
================================================================================
DAG File Processing Stats

File Path                                         PID  Runtime      # DAGs    # Errors  Last Runtime    Last Run
----------------------------------------------  -----  ---------  --------  ----------  --------------  -------------------
/opt/airflow/dags/pipeline.py                     205  0.00s             1           0  0.26s           2025-06-18T10:42:50
/opt/airflow/dags/openweather_air_pollution.py    202  0.02s             1           0  0.26s           2025-06-18T10:42:50
================================================================================
[2025-06-18T10:43:51.242+0000] {manager.py:878} INFO - 
================================================================================
DAG File Processing Stats

File Path                                         PID  Runtime      # DAGs    # Errors  Last Runtime    Last Run
----------------------------------------------  -----  ---------  --------  ----------  --------------  -------------------
/opt/airflow/dags/openweather_air_pollution.py    212  0.01s             1           0  0.18s           2025-06-18T10:43:21
/opt/airflow/dags/pipeline.py                     215  0.00s             1           0  0.17s           2025-06-18T10:43:21
================================================================================
[2025-06-18T10:44:21.487+0000] {manager.py:878} INFO - 
================================================================================
DAG File Processing Stats

File Path                                       PID    Runtime      # DAGs    # Errors  Last Runtime    Last Run
----------------------------------------------  -----  ---------  --------  ----------  --------------  -------------------
/opt/airflow/dags/openweather_air_pollution.py                           1           0  0.78s           2025-06-18T10:43:52
/opt/airflow/dags/pipeline.py                                            1           0  0.77s           2025-06-18T10:43:52
================================================================================
[2025-06-18T10:44:51.694+0000] {manager.py:878} INFO - 
================================================================================
DAG File Processing Stats

File Path                                       PID    Runtime      # DAGs    # Errors  Last Runtime    Last Run
----------------------------------------------  -----  ---------  --------  ----------  --------------  -------------------
/opt/airflow/dags/openweather_air_pollution.py                           1           0  0.34s           2025-06-18T10:44:22
/opt/airflow/dags/pipeline.py                                            1           0  0.32s           2025-06-18T10:44:22
================================================================================
[2025-06-18T10:45:22.048+0000] {manager.py:878} INFO - 
================================================================================
DAG File Processing Stats

File Path                                       PID    Runtime      # DAGs    # Errors  Last Runtime    Last Run
----------------------------------------------  -----  ---------  --------  ----------  --------------  -------------------
/opt/airflow/dags/openweather_air_pollution.py                           1           0  0.18s           2025-06-18T10:44:52
/opt/airflow/dags/pipeline.py                                            1           0  0.17s           2025-06-18T10:44:52
================================================================================
[2025-06-18T10:45:52.248+0000] {manager.py:878} INFO - 
================================================================================
DAG File Processing Stats

File Path                                       PID    Runtime      # DAGs    # Errors  Last Runtime    Last Run
----------------------------------------------  -----  ---------  --------  ----------  --------------  -------------------
/opt/airflow/dags/openweather_air_pollution.py                           1           0  0.16s           2025-06-18T10:45:23
/opt/airflow/dags/pipeline.py                                            1           0  0.16s           2025-06-18T10:45:23
================================================================================
[2025-06-18T10:46:22.531+0000] {manager.py:878} INFO - 
================================================================================
DAG File Processing Stats

File Path                                       PID    Runtime      # DAGs    # Errors  Last Runtime    Last Run
----------------------------------------------  -----  ---------  --------  ----------  --------------  -------------------
/opt/airflow/dags/openweather_air_pollution.py                           1           0  0.20s           2025-06-18T10:45:53
/opt/airflow/dags/pipeline.py                                            1           0  0.19s           2025-06-18T10:45:53
================================================================================
[2025-06-18T10:46:48.987+0000] {manager.py:737} INFO - Searching for files in /opt/airflow/dags
[2025-06-18T10:46:49.023+0000] {manager.py:740} INFO - There are 2 files in /opt/airflow/dags
[2025-06-18T10:46:53.056+0000] {manager.py:878} INFO - 
================================================================================
DAG File Processing Stats

File Path                                       PID    Runtime      # DAGs    # Errors  Last Runtime    Last Run
----------------------------------------------  -----  ---------  --------  ----------  --------------  -------------------
/opt/airflow/dags/pipeline.py                                            1           0  0.29s           2025-06-18T10:46:23
/opt/airflow/dags/openweather_air_pollution.py                           1           0  0.28s           2025-06-18T10:46:23
================================================================================
[2025-06-18T10:47:23.454+0000] {manager.py:878} INFO - 
================================================================================
DAG File Processing Stats

File Path                                       PID    Runtime      # DAGs    # Errors  Last Runtime    Last Run
----------------------------------------------  -----  ---------  --------  ----------  --------------  -------------------
/opt/airflow/dags/pipeline.py                                            1           0  0.22s           2025-06-18T10:46:54
/opt/airflow/dags/openweather_air_pollution.py                           1           0  0.22s           2025-06-18T10:46:54
================================================================================
[2025-06-18T10:47:53.651+0000] {manager.py:878} INFO - 
================================================================================
DAG File Processing Stats

File Path                                       PID    Runtime      # DAGs    # Errors  Last Runtime    Last Run
----------------------------------------------  -----  ---------  --------  ----------  --------------  -------------------
/opt/airflow/dags/openweather_air_pollution.py                           1           0  0.14s           2025-06-18T10:47:24
/opt/airflow/dags/pipeline.py                                            1           0  0.13s           2025-06-18T10:47:24
================================================================================
[2025-06-18T10:48:23.916+0000] {manager.py:878} INFO - 
================================================================================
DAG File Processing Stats

File Path                                       PID    Runtime      # DAGs    # Errors  Last Runtime    Last Run
----------------------------------------------  -----  ---------  --------  ----------  --------------  -------------------
/opt/airflow/dags/openweather_air_pollution.py                           1           0  0.23s           2025-06-18T10:47:54
/opt/airflow/dags/pipeline.py                                            1           0  0.22s           2025-06-18T10:47:54
================================================================================
[2025-06-18T10:48:54.338+0000] {manager.py:878} INFO - 
================================================================================
DAG File Processing Stats

File Path                                       PID    Runtime      # DAGs    # Errors  Last Runtime    Last Run
----------------------------------------------  -----  ---------  --------  ----------  --------------  -------------------
/opt/airflow/dags/openweather_air_pollution.py                           1           0  0.25s           2025-06-18T10:48:25
/opt/airflow/dags/pipeline.py                                            1           0  0.19s           2025-06-18T10:48:25
================================================================================
[2025-06-18T10:49:24.782+0000] {manager.py:878} INFO - 
================================================================================
DAG File Processing Stats

File Path                                       PID    Runtime      # DAGs    # Errors  Last Runtime    Last Run
----------------------------------------------  -----  ---------  --------  ----------  --------------  -------------------
/opt/airflow/dags/pipeline.py                                            1           0  0.24s           2025-06-18T10:48:55
/opt/airflow/dags/openweather_air_pollution.py                           1           0  0.24s           2025-06-18T10:48:55
================================================================================
[2025-06-18T10:49:55.212+0000] {manager.py:878} INFO - 
================================================================================
DAG File Processing Stats

File Path                                       PID    Runtime      # DAGs    # Errors  Last Runtime    Last Run
----------------------------------------------  -----  ---------  --------  ----------  --------------  -------------------
/opt/airflow/dags/pipeline.py                                            1           0  0.23s           2025-06-18T10:49:26
/opt/airflow/dags/openweather_air_pollution.py                           1           0  0.23s           2025-06-18T10:49:26
================================================================================
[2025-06-18T10:50:25.415+0000] {manager.py:878} INFO - 
================================================================================
DAG File Processing Stats

File Path                                       PID    Runtime      # DAGs    # Errors  Last Runtime    Last Run
----------------------------------------------  -----  ---------  --------  ----------  --------------  -------------------
/opt/airflow/dags/openweather_air_pollution.py                           1           0  0.14s           2025-06-18T10:49:56
/opt/airflow/dags/pipeline.py                                            1           0  0.14s           2025-06-18T10:49:56
================================================================================
[2025-06-18T10:50:55.740+0000] {manager.py:878} INFO - 
================================================================================
DAG File Processing Stats

File Path                                       PID    Runtime      # DAGs    # Errors  Last Runtime    Last Run
----------------------------------------------  -----  ---------  --------  ----------  --------------  -------------------
/opt/airflow/dags/openweather_air_pollution.py                           1           0  0.30s           2025-06-18T10:50:26
/opt/airflow/dags/pipeline.py                                            1           0  0.29s           2025-06-18T10:50:26
================================================================================
[2025-06-18T10:51:26.093+0000] {manager.py:878} INFO - 
================================================================================
DAG File Processing Stats

File Path                                       PID    Runtime      # DAGs    # Errors  Last Runtime    Last Run
----------------------------------------------  -----  ---------  --------  ----------  --------------  -------------------
/opt/airflow/dags/openweather_air_pollution.py                           1           0  0.15s           2025-06-18T10:50:56
/opt/airflow/dags/pipeline.py                                            1           0  0.14s           2025-06-18T10:50:56
================================================================================
[2025-06-18T10:51:49.266+0000] {manager.py:737} INFO - Searching for files in /opt/airflow/dags
[2025-06-18T10:51:49.311+0000] {manager.py:740} INFO - There are 2 files in /opt/airflow/dags
[2025-06-18T10:51:56.363+0000] {manager.py:878} INFO - 
================================================================================
DAG File Processing Stats

File Path                                       PID    Runtime      # DAGs    # Errors  Last Runtime    Last Run
----------------------------------------------  -----  ---------  --------  ----------  --------------  -------------------
/opt/airflow/dags/openweather_air_pollution.py                           1           0  0.14s           2025-06-18T10:51:27
/opt/airflow/dags/pipeline.py                                            1           0  0.13s           2025-06-18T10:51:27
================================================================================
[2025-06-18T10:52:26.575+0000] {manager.py:878} INFO - 
================================================================================
DAG File Processing Stats

File Path                                       PID    Runtime      # DAGs    # Errors  Last Runtime    Last Run
----------------------------------------------  -----  ---------  --------  ----------  --------------  -------------------
/opt/airflow/dags/openweather_air_pollution.py                           1           0  0.16s           2025-06-18T10:51:57
/opt/airflow/dags/pipeline.py                                            1           0  0.15s           2025-06-18T10:51:57
================================================================================
[2025-06-18T10:52:56.983+0000] {manager.py:878} INFO - 
================================================================================
DAG File Processing Stats

File Path                                       PID    Runtime      # DAGs    # Errors  Last Runtime    Last Run
----------------------------------------------  -----  ---------  --------  ----------  --------------  -------------------
/opt/airflow/dags/pipeline.py                                            1           0  0.25s           2025-06-18T10:52:27
/opt/airflow/dags/openweather_air_pollution.py                           1           0  0.20s           2025-06-18T10:52:27
================================================================================
[2025-06-18T10:53:27.205+0000] {manager.py:878} INFO - 
================================================================================
DAG File Processing Stats

File Path                                       PID    Runtime      # DAGs    # Errors  Last Runtime    Last Run
----------------------------------------------  -----  ---------  --------  ----------  --------------  -------------------
/opt/airflow/dags/openweather_air_pollution.py                           1           0  0.19s           2025-06-18T10:52:58
/opt/airflow/dags/pipeline.py                                            1           0  0.18s           2025-06-18T10:52:58
================================================================================
[2025-06-18T10:53:57.526+0000] {manager.py:878} INFO - 
================================================================================
DAG File Processing Stats

File Path                                       PID    Runtime      # DAGs    # Errors  Last Runtime    Last Run
----------------------------------------------  -----  ---------  --------  ----------  --------------  -------------------
/opt/airflow/dags/openweather_air_pollution.py                           1           0  0.27s           2025-06-18T10:53:28
/opt/airflow/dags/pipeline.py                                            1           0  0.25s           2025-06-18T10:53:28
================================================================================
[2025-06-18T10:54:27.911+0000] {manager.py:878} INFO - 
================================================================================
DAG File Processing Stats

File Path                                       PID    Runtime      # DAGs    # Errors  Last Runtime    Last Run
----------------------------------------------  -----  ---------  --------  ----------  --------------  -------------------
/opt/airflow/dags/pipeline.py                                            1           0  0.30s           2025-06-18T10:53:58
/opt/airflow/dags/openweather_air_pollution.py                           1           0  0.21s           2025-06-18T10:53:58
================================================================================
[2025-06-18T10:54:58.160+0000] {manager.py:878} INFO - 
================================================================================
DAG File Processing Stats

File Path                                       PID    Runtime      # DAGs    # Errors  Last Runtime    Last Run
----------------------------------------------  -----  ---------  --------  ----------  --------------  -------------------
/opt/airflow/dags/pipeline.py                                            1           0  0.24s           2025-06-18T10:54:29
/opt/airflow/dags/openweather_air_pollution.py                           1           0  0.23s           2025-06-18T10:54:29
================================================================================
[2025-06-18T10:55:28.540+0000] {manager.py:878} INFO - 
================================================================================
DAG File Processing Stats

File Path                                       PID    Runtime      # DAGs    # Errors  Last Runtime    Last Run
----------------------------------------------  -----  ---------  --------  ----------  --------------  -------------------
/opt/airflow/dags/openweather_air_pollution.py                           1           0  0.20s           2025-06-18T10:54:59
/opt/airflow/dags/pipeline.py                                            1           0  0.16s           2025-06-18T10:54:59
================================================================================
[2025-06-18T10:55:59.025+0000] {manager.py:878} INFO - 
================================================================================
DAG File Processing Stats

File Path                                       PID    Runtime      # DAGs    # Errors  Last Runtime    Last Run
----------------------------------------------  -----  ---------  --------  ----------  --------------  -------------------
/opt/airflow/dags/openweather_air_pollution.py                           1           0  0.27s           2025-06-18T10:55:29
/opt/airflow/dags/pipeline.py                                            1           0  0.26s           2025-06-18T10:55:29
================================================================================
[2025-06-18T10:56:29.466+0000] {manager.py:878} INFO - 
================================================================================
DAG File Processing Stats

File Path                                       PID    Runtime      # DAGs    # Errors  Last Runtime    Last Run
----------------------------------------------  -----  ---------  --------  ----------  --------------  -------------------
/opt/airflow/dags/openweather_air_pollution.py                           1           0  0.22s           2025-06-18T10:56:00
/opt/airflow/dags/pipeline.py                                            1           0  0.21s           2025-06-18T10:56:00
================================================================================
[2025-06-18T10:56:49.741+0000] {manager.py:737} INFO - Searching for files in /opt/airflow/dags
[2025-06-18T10:56:49.789+0000] {manager.py:740} INFO - There are 2 files in /opt/airflow/dags
[2025-06-18T10:56:59.877+0000] {manager.py:878} INFO - 
================================================================================
DAG File Processing Stats

File Path                                       PID    Runtime      # DAGs    # Errors  Last Runtime    Last Run
----------------------------------------------  -----  ---------  --------  ----------  --------------  -------------------
/opt/airflow/dags/pipeline.py                                            1           0  0.15s           2025-06-18T10:56:30
/opt/airflow/dags/openweather_air_pollution.py                           1           0  0.15s           2025-06-18T10:56:30
================================================================================
[2025-06-18T10:57:30.107+0000] {manager.py:878} INFO - 
================================================================================
DAG File Processing Stats

File Path                                       PID    Runtime      # DAGs    # Errors  Last Runtime    Last Run
----------------------------------------------  -----  ---------  --------  ----------  --------------  -------------------
/opt/airflow/dags/openweather_air_pollution.py                           1           0  0.25s           2025-06-18T10:57:01
/opt/airflow/dags/pipeline.py                                            1           0  0.23s           2025-06-18T10:57:01
================================================================================
[2025-06-18T10:58:00.326+0000] {manager.py:878} INFO - 
================================================================================
DAG File Processing Stats

File Path                                       PID    Runtime      # DAGs    # Errors  Last Runtime    Last Run
----------------------------------------------  -----  ---------  --------  ----------  --------------  -------------------
/opt/airflow/dags/openweather_air_pollution.py                           1           0  0.85s           2025-06-18T10:57:32
/opt/airflow/dags/pipeline.py                                            1           0  0.84s           2025-06-18T10:57:32
================================================================================
[2025-06-18T10:58:30.736+0000] {manager.py:878} INFO - 
================================================================================
DAG File Processing Stats

File Path                                       PID    Runtime      # DAGs    # Errors  Last Runtime    Last Run
----------------------------------------------  -----  ---------  --------  ----------  --------------  -------------------
/opt/airflow/dags/openweather_air_pollution.py                           1           0  0.33s           2025-06-18T10:58:15
/opt/airflow/dags/pipeline.py                                            1           0  0.16s           2025-06-18T10:58:02
================================================================================
[2025-06-18T10:59:01.138+0000] {manager.py:878} INFO - 
================================================================================
DAG File Processing Stats

File Path                                       PID    Runtime      # DAGs    # Errors  Last Runtime    Last Run
----------------------------------------------  -----  ---------  --------  ----------  --------------  -------------------
/opt/airflow/dags/openweather_air_pollution.py                           1           0  0.20s           2025-06-18T10:58:34
/opt/airflow/dags/pipeline.py                                            1           0  0.18s           2025-06-18T10:58:32
================================================================================
[2025-06-18T10:59:31.453+0000] {manager.py:878} INFO - 
================================================================================
DAG File Processing Stats

File Path                                       PID    Runtime      # DAGs    # Errors  Last Runtime    Last Run
----------------------------------------------  -----  ---------  --------  ----------  --------------  -------------------
/opt/airflow/dags/pipeline.py                                            1           0  0.74s           2025-06-18T10:59:03
/opt/airflow/dags/openweather_air_pollution.py                           1           0  0.30s           2025-06-18T10:59:12
================================================================================
[2025-06-18T11:00:01.841+0000] {manager.py:878} INFO - 
================================================================================
DAG File Processing Stats

File Path                                       PID    Runtime      # DAGs    # Errors  Last Runtime    Last Run
----------------------------------------------  -----  ---------  --------  ----------  --------------  -------------------
/opt/airflow/dags/openweather_air_pollution.py                           1           0  0.30s           2025-06-18T10:59:43
/opt/airflow/dags/pipeline.py                                            1           0  0.17s           2025-06-18T10:59:34
================================================================================
[2025-06-18T11:00:32.205+0000] {manager.py:878} INFO - 
================================================================================
DAG File Processing Stats

File Path                                       PID    Runtime      # DAGs    # Errors  Last Runtime    Last Run
----------------------------------------------  -----  ---------  --------  ----------  --------------  -------------------
/opt/airflow/dags/pipeline.py                                            1           0  0.17s           2025-06-18T11:00:05
/opt/airflow/dags/openweather_air_pollution.py                           1           0  0.12s           2025-06-18T11:00:13
================================================================================
[2025-06-18T11:01:02.690+0000] {manager.py:878} INFO - 
================================================================================
DAG File Processing Stats

File Path                                       PID    Runtime      # DAGs    # Errors  Last Runtime    Last Run
----------------------------------------------  -----  ---------  --------  ----------  --------------  -------------------
/opt/airflow/dags/openweather_air_pollution.py                           1           0  0.41s           2025-06-18T11:00:43
/opt/airflow/dags/pipeline.py                                            1           0  0.29s           2025-06-18T11:00:35
================================================================================
[2025-06-18T11:01:32.693+0000] {manager.py:878} INFO - 
================================================================================
DAG File Processing Stats

File Path                                       PID    Runtime      # DAGs    # Errors  Last Runtime    Last Run
----------------------------------------------  -----  ---------  --------  ----------  --------------  -------------------
/opt/airflow/dags/openweather_air_pollution.py                           1           0  0.57s           2025-06-18T11:01:14
/opt/airflow/dags/pipeline.py                                            1           0  0.30s           2025-06-18T11:01:06
================================================================================
[2025-06-18T11:01:49.926+0000] {manager.py:737} INFO - Searching for files in /opt/airflow/dags
[2025-06-18T11:01:49.961+0000] {manager.py:740} INFO - There are 2 files in /opt/airflow/dags
[2025-06-18T11:02:03.063+0000] {manager.py:878} INFO - 
================================================================================
DAG File Processing Stats

File Path                                       PID    Runtime      # DAGs    # Errors  Last Runtime    Last Run
----------------------------------------------  -----  ---------  --------  ----------  --------------  -------------------
/opt/airflow/dags/pipeline.py                                            1           0  0.25s           2025-06-18T11:01:36
/opt/airflow/dags/openweather_air_pollution.py                           1           0  0.18s           2025-06-18T11:01:44
================================================================================
[2025-06-18T11:02:33.513+0000] {manager.py:878} INFO - 
================================================================================
DAG File Processing Stats

File Path                                       PID    Runtime      # DAGs    # Errors  Last Runtime    Last Run
----------------------------------------------  -----  ---------  --------  ----------  --------------  -------------------
/opt/airflow/dags/openweather_air_pollution.py                           1           0  0.31s           2025-06-18T11:02:15
/opt/airflow/dags/pipeline.py                                            1           0  0.23s           2025-06-18T11:02:07
================================================================================
[2025-06-18T11:03:03.909+0000] {manager.py:878} INFO - 
================================================================================
DAG File Processing Stats

File Path                                       PID    Runtime      # DAGs    # Errors  Last Runtime    Last Run
----------------------------------------------  -----  ---------  --------  ----------  --------------  -------------------
/opt/airflow/dags/openweather_air_pollution.py                           1           0  0.23s           2025-06-18T11:02:45
/opt/airflow/dags/pipeline.py                                            1           0  0.19s           2025-06-18T11:02:37
================================================================================
[2025-06-18T11:03:34.532+0000] {manager.py:878} INFO - 
================================================================================
DAG File Processing Stats

File Path                                       PID    Runtime      # DAGs    # Errors  Last Runtime    Last Run
----------------------------------------------  -----  ---------  --------  ----------  --------------  -------------------
/opt/airflow/dags/openweather_air_pollution.py                           1           0  0.27s           2025-06-18T11:03:28
/opt/airflow/dags/pipeline.py                                            1           0  0.16s           2025-06-18T11:03:08
================================================================================
[2025-06-18T11:04:04.965+0000] {manager.py:878} INFO - 
================================================================================
DAG File Processing Stats

File Path                                       PID    Runtime      # DAGs    # Errors  Last Runtime    Last Run
----------------------------------------------  -----  ---------  --------  ----------  --------------  -------------------
/opt/airflow/dags/openweather_air_pollution.py                           1           0  0.22s           2025-06-18T11:03:45
/opt/airflow/dags/pipeline.py                                            1           0  0.16s           2025-06-18T11:03:38
================================================================================
[2025-06-18T11:04:35.475+0000] {manager.py:878} INFO - 
================================================================================
DAG File Processing Stats

File Path                                       PID    Runtime      # DAGs    # Errors  Last Runtime    Last Run
----------------------------------------------  -----  ---------  --------  ----------  --------------  -------------------
/opt/airflow/dags/openweather_air_pollution.py                           1           0  0.26s           2025-06-18T11:04:15
/opt/airflow/dags/pipeline.py                                            1           0  0.26s           2025-06-18T11:04:09
================================================================================
[2025-06-18T11:04:45.550+0000] {manager.py:452} INFO - Exiting gracefully upon receiving signal 15
[2025-06-18T11:05:55.364+0000] {manager.py:470} INFO - Processing files using up to 2 processes at a time 
[2025-06-18T11:05:55.365+0000] {manager.py:471} INFO - Process each file at most once every 30 seconds
[2025-06-18T11:05:55.365+0000] {manager.py:472} INFO - Checking for new files in /opt/airflow/dags every 300 seconds
[2025-06-18T11:05:55.366+0000] {manager.py:737} INFO - Searching for files in /opt/airflow/dags
[2025-06-18T11:05:55.426+0000] {manager.py:740} INFO - There are 2 files in /opt/airflow/dags
[2025-06-18T11:05:56.142+0000] {manager.py:878} INFO - 
================================================================================
DAG File Processing Stats

File Path                                         PID  Runtime      # DAGs    # Errors  Last Runtime    Last Run
----------------------------------------------  -----  ---------  --------  ----------  --------------  ----------
/opt/airflow/dags/openweather_air_pollution.py    171  0.09s             0           0
/opt/airflow/dags/pipeline.py                     174  0.07s             0           0
================================================================================
[2025-06-18T11:06:14.424+0000] {manager.py:452} INFO - Exiting gracefully upon receiving signal 15
[2025-06-18T11:08:02.164+0000] {manager.py:470} INFO - Processing files using up to 2 processes at a time 
[2025-06-18T11:08:02.164+0000] {manager.py:471} INFO - Process each file at most once every 30 seconds
[2025-06-18T11:08:02.165+0000] {manager.py:472} INFO - Checking for new files in /opt/airflow/dags every 300 seconds
[2025-06-18T11:08:02.166+0000] {manager.py:737} INFO - Searching for files in /opt/airflow/dags
[2025-06-18T11:08:02.202+0000] {manager.py:740} INFO - There are 2 files in /opt/airflow/dags
[2025-06-18T11:08:02.628+0000] {manager.py:878} INFO - 
================================================================================
DAG File Processing Stats

File Path                                         PID  Runtime      # DAGs    # Errors  Last Runtime    Last Run
----------------------------------------------  -----  ---------  --------  ----------  --------------  ----------
/opt/airflow/dags/openweather_air_pollution.py    171  0.08s             0           0
/opt/airflow/dags/pipeline.py                     174  0.06s             0           0
================================================================================
[2025-06-18T11:08:33.054+0000] {manager.py:878} INFO - 
================================================================================
DAG File Processing Stats

File Path                                         PID  Runtime      # DAGs    # Errors  Last Runtime    Last Run
----------------------------------------------  -----  ---------  --------  ----------  --------------  -------------------
/opt/airflow/dags/openweather_air_pollution.py    181  0.01s             1           0  0.27s           2025-06-18T11:08:02
/opt/airflow/dags/pipeline.py                     184  0.00s             1           0  0.24s           2025-06-18T11:08:02
================================================================================
[2025-06-18T11:09:03.233+0000] {manager.py:878} INFO - 
================================================================================
DAG File Processing Stats

File Path                                       PID    Runtime      # DAGs    # Errors  Last Runtime    Last Run
----------------------------------------------  -----  ---------  --------  ----------  --------------  -------------------
/opt/airflow/dags/openweather_air_pollution.py                           1           0  0.40s           2025-06-18T11:08:33
/opt/airflow/dags/pipeline.py                                            1           0  0.39s           2025-06-18T11:08:33
================================================================================
[2025-06-18T11:09:34.432+0000] {manager.py:878} INFO - 
================================================================================
DAG File Processing Stats

File Path                                       PID    Runtime      # DAGs    # Errors  Last Runtime    Last Run
----------------------------------------------  -----  ---------  --------  ----------  --------------  -------------------
/opt/airflow/dags/openweather_air_pollution.py                           1           0  0.31s           2025-06-18T11:09:04
/opt/airflow/dags/pipeline.py                                            1           0  0.28s           2025-06-18T11:09:04
================================================================================
[2025-06-18T11:10:04.941+0000] {manager.py:878} INFO - 
================================================================================
DAG File Processing Stats

File Path                                       PID    Runtime      # DAGs    # Errors  Last Runtime    Last Run
----------------------------------------------  -----  ---------  --------  ----------  --------------  -------------------
/opt/airflow/dags/openweather_air_pollution.py                           1           0  4.40s           2025-06-18T11:09:39
/opt/airflow/dags/pipeline.py                                            1           0  4.39s           2025-06-18T11:09:39
================================================================================
[2025-06-18T11:10:35.905+0000] {manager.py:878} INFO - 
================================================================================
DAG File Processing Stats

File Path                                       PID    Runtime      # DAGs    # Errors  Last Runtime    Last Run
----------------------------------------------  -----  ---------  --------  ----------  --------------  -------------------
/opt/airflow/dags/openweather_air_pollution.py                           1           0  0.20s           2025-06-18T11:10:34
/opt/airflow/dags/pipeline.py                                            1           0  0.17s           2025-06-18T11:10:09
================================================================================
[2025-06-18T11:11:06.158+0000] {manager.py:878} INFO - 
================================================================================
DAG File Processing Stats

File Path                                       PID    Runtime      # DAGs    # Errors  Last Runtime    Last Run
----------------------------------------------  -----  ---------  --------  ----------  --------------  -------------------
/opt/airflow/dags/pipeline.py                                            1           0  0.32s           2025-06-18T11:10:40
/opt/airflow/dags/openweather_air_pollution.py                           1           0  0.24s           2025-06-18T11:11:05
================================================================================
[2025-06-18T11:11:15.461+0000] {manager.py:452} INFO - Exiting gracefully upon receiving signal 15
[2025-06-18T11:11:32.121+0000] {manager.py:470} INFO - Processing files using up to 2 processes at a time 
[2025-06-18T11:11:32.122+0000] {manager.py:471} INFO - Process each file at most once every 30 seconds
[2025-06-18T11:11:32.122+0000] {manager.py:472} INFO - Checking for new files in /opt/airflow/dags every 300 seconds
[2025-06-18T11:11:32.123+0000] {manager.py:737} INFO - Searching for files in /opt/airflow/dags
[2025-06-18T11:11:32.155+0000] {manager.py:740} INFO - There are 2 files in /opt/airflow/dags
[2025-06-18T11:11:32.323+0000] {manager.py:878} INFO - 
================================================================================
DAG File Processing Stats

File Path                                         PID  Runtime      # DAGs    # Errors  Last Runtime    Last Run
----------------------------------------------  -----  ---------  --------  ----------  --------------  ----------
/opt/airflow/dags/openweather_air_pollution.py    171  0.05s             0           0
/opt/airflow/dags/pipeline.py                     174  0.04s             0           0
================================================================================
[2025-06-18T11:12:02.667+0000] {manager.py:878} INFO - 
================================================================================
DAG File Processing Stats

File Path                                         PID  Runtime      # DAGs    # Errors  Last Runtime    Last Run
----------------------------------------------  -----  ---------  --------  ----------  --------------  -------------------
/opt/airflow/dags/pipeline.py                     184  0.00s             1           0  0.20s           2025-06-18T11:11:32
/opt/airflow/dags/openweather_air_pollution.py    181  0.02s             1           0  0.19s           2025-06-18T11:11:32
================================================================================
[2025-06-18T11:12:32.816+0000] {manager.py:878} INFO - 
================================================================================
DAG File Processing Stats

File Path                                       PID    Runtime      # DAGs    # Errors  Last Runtime    Last Run
----------------------------------------------  -----  ---------  --------  ----------  --------------  -------------------
/opt/airflow/dags/openweather_air_pollution.py                           1           0  0.95s           2025-06-18T11:12:03
/opt/airflow/dags/pipeline.py                                            1           0  0.94s           2025-06-18T11:12:03
================================================================================
[2025-06-18T11:12:45.321+0000] {manager.py:452} INFO - Exiting gracefully upon receiving signal 15
[2025-06-18T11:14:32.693+0000] {manager.py:470} INFO - Processing files using up to 2 processes at a time 
[2025-06-18T11:14:32.694+0000] {manager.py:471} INFO - Process each file at most once every 30 seconds
[2025-06-18T11:14:32.695+0000] {manager.py:472} INFO - Checking for new files in /opt/airflow/dags every 300 seconds
[2025-06-18T11:14:32.696+0000] {manager.py:737} INFO - Searching for files in /opt/airflow/dags
[2025-06-18T11:14:32.751+0000] {manager.py:740} INFO - There are 2 files in /opt/airflow/dags
[2025-06-18T11:14:33.301+0000] {manager.py:878} INFO - 
================================================================================
DAG File Processing Stats

File Path                                         PID  Runtime      # DAGs    # Errors  Last Runtime    Last Run
----------------------------------------------  -----  ---------  --------  ----------  --------------  ----------
/opt/airflow/dags/openweather_air_pollution.py    171  0.08s             0           0
/opt/airflow/dags/pipeline.py                     174  0.07s             0           0
================================================================================
[2025-06-18T11:15:03.478+0000] {manager.py:878} INFO - 
================================================================================
DAG File Processing Stats

File Path                                       PID    Runtime      # DAGs    # Errors  Last Runtime    Last Run
----------------------------------------------  -----  ---------  --------  ----------  --------------  -------------------
/opt/airflow/dags/openweather_air_pollution.py                           1           0  0.48s           2025-06-18T11:14:33
/opt/airflow/dags/pipeline.py                                            1           0  0.46s           2025-06-18T11:14:33
================================================================================
[2025-06-18T11:15:34.367+0000] {manager.py:878} INFO - 
================================================================================
DAG File Processing Stats

File Path                                         PID  Runtime      # DAGs    # Errors  Last Runtime    Last Run
----------------------------------------------  -----  ---------  --------  ----------  --------------  -------------------
/opt/airflow/dags/pipeline.py                     198  0.01s             1           0  0.27s           2025-06-18T11:15:04
/opt/airflow/dags/openweather_air_pollution.py    195  0.02s             1           0  0.27s           2025-06-18T11:15:04
================================================================================
[2025-06-18T11:16:04.567+0000] {manager.py:878} INFO - 
================================================================================
DAG File Processing Stats

File Path                                       PID    Runtime      # DAGs    # Errors  Last Runtime    Last Run
----------------------------------------------  -----  ---------  --------  ----------  --------------  -------------------
/opt/airflow/dags/openweather_air_pollution.py                           1           0  0.26s           2025-06-18T11:15:34
/opt/airflow/dags/pipeline.py                                            1           0  0.24s           2025-06-18T11:15:34
================================================================================
[2025-06-18T11:16:34.951+0000] {manager.py:878} INFO - 
================================================================================
DAG File Processing Stats

File Path                                       PID    Runtime      # DAGs    # Errors  Last Runtime    Last Run
----------------------------------------------  -----  ---------  --------  ----------  --------------  -------------------
/opt/airflow/dags/openweather_air_pollution.py                           1           0  0.21s           2025-06-18T11:16:04
/opt/airflow/dags/pipeline.py                                            1           0  0.21s           2025-06-18T11:16:04
================================================================================
[2025-06-18T11:17:06.305+0000] {manager.py:878} INFO - 
================================================================================
DAG File Processing Stats

File Path                                         PID  Runtime      # DAGs    # Errors  Last Runtime    Last Run
----------------------------------------------  -----  ---------  --------  ----------  --------------  -------------------
/opt/airflow/dags/pipeline.py                     228  0.01s             1           0  0.54s           2025-06-18T11:16:36
/opt/airflow/dags/openweather_air_pollution.py    225  0.02s             1           0  0.51s           2025-06-18T11:16:36
================================================================================
[2025-06-18T11:17:36.823+0000] {manager.py:878} INFO - 
================================================================================
DAG File Processing Stats

File Path                                         PID  Runtime      # DAGs    # Errors  Last Runtime    Last Run
----------------------------------------------  -----  ---------  --------  ----------  --------------  -------------------
/opt/airflow/dags/pipeline.py                     240  0.00s             1           0  0.32s           2025-06-18T11:17:06
/opt/airflow/dags/openweather_air_pollution.py    237  0.01s             1           0  0.32s           2025-06-18T11:17:06
================================================================================
[2025-06-18T11:18:07.038+0000] {manager.py:878} INFO - 
================================================================================
DAG File Processing Stats

File Path                                         PID  Runtime      # DAGs    # Errors  Last Runtime    Last Run
----------------------------------------------  -----  ---------  --------  ----------  --------------  -------------------
/opt/airflow/dags/openweather_air_pollution.py    247  0.01s             1           0  0.17s           2025-06-18T11:17:36
/opt/airflow/dags/pipeline.py                     250  0.00s             1           0  0.16s           2025-06-18T11:17:36
================================================================================
[2025-06-18T11:18:37.395+0000] {manager.py:878} INFO - 
================================================================================
DAG File Processing Stats

File Path                                         PID  Runtime      # DAGs    # Errors  Last Runtime    Last Run
----------------------------------------------  -----  ---------  --------  ----------  --------------  -------------------
/opt/airflow/dags/pipeline.py                     260  0.00s             1           0  0.19s           2025-06-18T11:18:07
/opt/airflow/dags/openweather_air_pollution.py    257  0.01s             1           0  0.19s           2025-06-18T11:18:07
================================================================================
[2025-06-18T11:19:07.587+0000] {manager.py:878} INFO - 
================================================================================
DAG File Processing Stats

File Path                                         PID  Runtime      # DAGs    # Errors  Last Runtime    Last Run
----------------------------------------------  -----  ---------  --------  ----------  --------------  -------------------
/opt/airflow/dags/openweather_air_pollution.py    267  0.01s             1           0  0.13s           2025-06-18T11:18:37
/opt/airflow/dags/pipeline.py                     270  0.00s             1           0  0.12s           2025-06-18T11:18:37
================================================================================
[2025-06-18T11:19:32.880+0000] {manager.py:737} INFO - Searching for files in /opt/airflow/dags
[2025-06-18T11:19:32.913+0000] {manager.py:740} INFO - There are 2 files in /opt/airflow/dags
[2025-06-18T11:19:37.979+0000] {manager.py:878} INFO - 
================================================================================
DAG File Processing Stats

File Path                                         PID  Runtime      # DAGs    # Errors  Last Runtime    Last Run
----------------------------------------------  -----  ---------  --------  ----------  --------------  -------------------
/opt/airflow/dags/pipeline.py                     280  0.00s             1           0  0.17s           2025-06-18T11:19:07
/opt/airflow/dags/openweather_air_pollution.py    277  0.02s             1           0  0.17s           2025-06-18T11:19:07
================================================================================
[2025-06-18T11:20:08.429+0000] {manager.py:878} INFO - 
================================================================================
DAG File Processing Stats

File Path                                         PID  Runtime      # DAGs    # Errors  Last Runtime    Last Run
----------------------------------------------  -----  ---------  --------  ----------  --------------  -------------------
/opt/airflow/dags/pipeline.py                     290  0.00s             1           0  0.28s           2025-06-18T11:19:38
/opt/airflow/dags/openweather_air_pollution.py    287  0.01s             1           0  0.27s           2025-06-18T11:19:38
================================================================================
[2025-06-18T11:20:38.795+0000] {manager.py:878} INFO - 
================================================================================
DAG File Processing Stats

File Path                                         PID  Runtime      # DAGs    # Errors  Last Runtime    Last Run
----------------------------------------------  -----  ---------  --------  ----------  --------------  -------------------
/opt/airflow/dags/openweather_air_pollution.py    297  0.02s             1           0  0.14s           2025-06-18T11:20:08
/opt/airflow/dags/pipeline.py                     300  0.01s             1           0  0.14s           2025-06-18T11:20:08
================================================================================
[2025-06-18T11:21:09.031+0000] {manager.py:878} INFO - 
================================================================================
DAG File Processing Stats

File Path                                         PID  Runtime      # DAGs    # Errors  Last Runtime    Last Run
----------------------------------------------  -----  ---------  --------  ----------  --------------  -------------------
/opt/airflow/dags/openweather_air_pollution.py    311  0.01s             1           0  0.19s           2025-06-18T11:20:38
/opt/airflow/dags/pipeline.py                     314  0.00s             1           0  0.18s           2025-06-18T11:20:38
================================================================================
[2025-06-18T11:21:39.520+0000] {manager.py:878} INFO - 
================================================================================
DAG File Processing Stats

File Path                                         PID  Runtime      # DAGs    # Errors  Last Runtime    Last Run
----------------------------------------------  -----  ---------  --------  ----------  --------------  -------------------
/opt/airflow/dags/pipeline.py                     324  0.00s             1           0  0.29s           2025-06-18T11:21:09
/opt/airflow/dags/openweather_air_pollution.py    321  0.01s             1           0  0.28s           2025-06-18T11:21:09
================================================================================
[2025-06-18T11:22:09.771+0000] {manager.py:878} INFO - 
================================================================================
DAG File Processing Stats

File Path                                         PID  Runtime      # DAGs    # Errors  Last Runtime    Last Run
----------------------------------------------  -----  ---------  --------  ----------  --------------  -------------------
/opt/airflow/dags/openweather_air_pollution.py    331  0.02s             1           0  0.19s           2025-06-18T11:21:39
/opt/airflow/dags/pipeline.py                     334  0.00s             1           0  0.19s           2025-06-18T11:21:39
================================================================================
[2025-06-18T11:22:40.400+0000] {manager.py:878} INFO - 
================================================================================
DAG File Processing Stats

File Path                                         PID  Runtime      # DAGs    # Errors  Last Runtime    Last Run
----------------------------------------------  -----  ---------  --------  ----------  --------------  -------------------
/opt/airflow/dags/pipeline.py                     344  0.00s             1           0  0.54s           2025-06-18T11:22:10
/opt/airflow/dags/openweather_air_pollution.py    341  0.01s             1           0  0.44s           2025-06-18T11:22:10
================================================================================
[2025-06-18T11:23:10.813+0000] {manager.py:878} INFO - 
================================================================================
DAG File Processing Stats

File Path                                         PID  Runtime      # DAGs    # Errors  Last Runtime    Last Run
----------------------------------------------  -----  ---------  --------  ----------  --------------  -------------------
/opt/airflow/dags/pipeline.py                     354  0.00s             1           0  0.25s           2025-06-18T11:22:40
/opt/airflow/dags/openweather_air_pollution.py    351  0.01s             1           0  0.19s           2025-06-18T11:22:40
================================================================================
[2025-06-18T11:23:41.151+0000] {manager.py:878} INFO - 
================================================================================
DAG File Processing Stats

File Path                                         PID  Runtime      # DAGs    # Errors  Last Runtime    Last Run
----------------------------------------------  -----  ---------  --------  ----------  --------------  -------------------
/opt/airflow/dags/openweather_air_pollution.py    361  0.01s             1           0  0.26s           2025-06-18T11:23:11
/opt/airflow/dags/pipeline.py                     364  0.00s             1           0  0.13s           2025-06-18T11:23:10
================================================================================
[2025-06-18T11:24:13.000+0000] {manager.py:878} INFO - 
================================================================================
DAG File Processing Stats

File Path                                         PID  Runtime      # DAGs    # Errors  Last Runtime    Last Run
----------------------------------------------  -----  ---------  --------  ----------  --------------  -------------------
/opt/airflow/dags/openweather_air_pollution.py    371  0.02s             1           0  1.83s           2025-06-18T11:23:42
/opt/airflow/dags/pipeline.py                     374  0.01s             1           0  1.81s           2025-06-18T11:23:42
================================================================================
[2025-06-18T11:24:33.407+0000] {manager.py:737} INFO - Searching for files in /opt/airflow/dags
[2025-06-18T11:24:33.457+0000] {manager.py:740} INFO - There are 2 files in /opt/airflow/dags
[2025-06-18T11:24:43.587+0000] {manager.py:878} INFO - 
================================================================================
DAG File Processing Stats

File Path                                         PID  Runtime      # DAGs    # Errors  Last Runtime    Last Run
----------------------------------------------  -----  ---------  --------  ----------  --------------  -------------------
/opt/airflow/dags/openweather_air_pollution.py                           1           0  0.31s           2025-06-18T11:24:38
/opt/airflow/dags/pipeline.py                     386  0.00s             1           0  0.31s           2025-06-18T11:24:13
================================================================================
[2025-06-18T11:25:13.975+0000] {manager.py:878} INFO - 
================================================================================
DAG File Processing Stats

File Path                                         PID  Runtime      # DAGs    # Errors  Last Runtime    Last Run
----------------------------------------------  -----  ---------  --------  ----------  --------------  -------------------
/opt/airflow/dags/pipeline.py                     396  0.01s             1           0  0.20s           2025-06-18T11:24:43
/opt/airflow/dags/openweather_air_pollution.py                           1           0  0.20s           2025-06-18T11:25:09
================================================================================
[2025-06-18T11:25:44.365+0000] {manager.py:878} INFO - 
================================================================================
DAG File Processing Stats

File Path                                         PID  Runtime      # DAGs    # Errors  Last Runtime    Last Run
----------------------------------------------  -----  ---------  --------  ----------  --------------  -------------------
/opt/airflow/dags/pipeline.py                     406  0.00s             1           0  0.23s           2025-06-18T11:25:14
/opt/airflow/dags/openweather_air_pollution.py                           1           0  0.20s           2025-06-18T11:25:39
================================================================================
[2025-06-18T11:26:14.748+0000] {manager.py:878} INFO - 
================================================================================
DAG File Processing Stats

File Path                                         PID  Runtime      # DAGs    # Errors  Last Runtime    Last Run
----------------------------------------------  -----  ---------  --------  ----------  --------------  -------------------
/opt/airflow/dags/pipeline.py                     416  0.00s             1           0  0.19s           2025-06-18T11:25:44
/opt/airflow/dags/openweather_air_pollution.py                           1           0  0.17s           2025-06-18T11:26:09
================================================================================
[2025-06-18T11:26:45.242+0000] {manager.py:878} INFO - 
================================================================================
DAG File Processing Stats

File Path                                         PID  Runtime      # DAGs    # Errors  Last Runtime    Last Run
----------------------------------------------  -----  ---------  --------  ----------  --------------  -------------------
/opt/airflow/dags/pipeline.py                     426  0.00s             1           0  0.29s           2025-06-18T11:26:15
/opt/airflow/dags/openweather_air_pollution.py                           1           0  0.19s           2025-06-18T11:26:40
================================================================================
[2025-06-18T11:27:10.464+0000] {manager.py:1128} WARNING - Skipping processing of missing file: /opt/airflow/dags/openweather_air_pollution.py
[2025-06-18T11:27:15.515+0000] {manager.py:878} INFO - 
================================================================================
DAG File Processing Stats

File Path                        PID  Runtime      # DAGs    # Errors  Last Runtime    Last Run
-----------------------------  -----  ---------  --------  ----------  --------------  -------------------
/opt/airflow/dags/pipeline.py    431  0.01s             1           0  0.16s           2025-06-18T11:26:45
================================================================================
[2025-06-18T11:27:41.670+0000] {manager.py:452} INFO - Exiting gracefully upon receiving signal 15
[2025-06-18T11:28:33.528+0000] {manager.py:470} INFO - Processing files using up to 2 processes at a time 
[2025-06-18T11:28:33.529+0000] {manager.py:471} INFO - Process each file at most once every 30 seconds
[2025-06-18T11:28:33.530+0000] {manager.py:472} INFO - Checking for new files in /opt/airflow/dags every 300 seconds
[2025-06-18T11:28:33.531+0000] {manager.py:737} INFO - Searching for files in /opt/airflow/dags
[2025-06-18T11:28:33.571+0000] {manager.py:740} INFO - There are 1 files in /opt/airflow/dags
[2025-06-18T11:28:34.036+0000] {manager.py:878} INFO - 
================================================================================
DAG File Processing Stats

File Path                        PID  Runtime      # DAGs    # Errors  Last Runtime    Last Run
-----------------------------  -----  ---------  --------  ----------  --------------  ----------
/opt/airflow/dags/pipeline.py    171  0.11s             0           0
================================================================================
[2025-06-18T11:29:04.177+0000] {manager.py:878} INFO - 
================================================================================
DAG File Processing Stats

File Path                      PID    Runtime      # DAGs    # Errors  Last Runtime    Last Run
-----------------------------  -----  ---------  --------  ----------  --------------  -------------------
/opt/airflow/dags/pipeline.py                           1           0  0.61s           2025-06-18T11:28:34
================================================================================
[2025-06-18T11:29:34.860+0000] {manager.py:878} INFO - 
================================================================================
DAG File Processing Stats

File Path                      PID    Runtime      # DAGs    # Errors  Last Runtime    Last Run
-----------------------------  -----  ---------  --------  ----------  --------------  -------------------
/opt/airflow/dags/pipeline.py                           1           0  0.19s           2025-06-18T11:29:04
================================================================================
[2025-06-18T11:30:05.194+0000] {manager.py:878} INFO - 
================================================================================
DAG File Processing Stats

File Path                      PID    Runtime      # DAGs    # Errors  Last Runtime    Last Run
-----------------------------  -----  ---------  --------  ----------  --------------  -------------------
/opt/airflow/dags/pipeline.py                           1           0  0.34s           2025-06-18T11:29:35
================================================================================
[2025-06-18T11:30:35.653+0000] {manager.py:878} INFO - 
================================================================================
DAG File Processing Stats

File Path                      PID    Runtime      # DAGs    # Errors  Last Runtime    Last Run
-----------------------------  -----  ---------  --------  ----------  --------------  -------------------
/opt/airflow/dags/pipeline.py                           1           0  0.17s           2025-06-18T11:30:05
================================================================================
[2025-06-18T11:31:06.043+0000] {manager.py:878} INFO - 
================================================================================
DAG File Processing Stats

File Path                        PID  Runtime      # DAGs    # Errors  Last Runtime    Last Run
-----------------------------  -----  ---------  --------  ----------  --------------  -------------------
/opt/airflow/dags/pipeline.py    200  0.00s             1           0  0.13s           2025-06-18T11:30:36
================================================================================
[2025-06-18T11:31:36.298+0000] {manager.py:878} INFO - 
================================================================================
DAG File Processing Stats

File Path                        PID  Runtime      # DAGs    # Errors  Last Runtime    Last Run
-----------------------------  -----  ---------  --------  ----------  --------------  -------------------
/opt/airflow/dags/pipeline.py    205  0.00s             1           0  0.20s           2025-06-18T11:31:06
================================================================================
[2025-06-18T11:32:06.541+0000] {manager.py:878} INFO - 
================================================================================
DAG File Processing Stats

File Path                        PID  Runtime      # DAGs    # Errors  Last Runtime    Last Run
-----------------------------  -----  ---------  --------  ----------  --------------  -------------------
/opt/airflow/dags/pipeline.py    210  0.00s             1           0  0.23s           2025-06-18T11:31:36
================================================================================
[2025-06-18T11:32:36.864+0000] {manager.py:878} INFO - 
================================================================================
DAG File Processing Stats

File Path                        PID  Runtime      # DAGs    # Errors  Last Runtime    Last Run
-----------------------------  -----  ---------  --------  ----------  --------------  -------------------
/opt/airflow/dags/pipeline.py    215  0.00s             1           0  0.17s           2025-06-18T11:32:06
================================================================================
[2025-06-18T11:33:07.017+0000] {manager.py:878} INFO - 
================================================================================
DAG File Processing Stats

File Path                      PID    Runtime      # DAGs    # Errors  Last Runtime    Last Run
-----------------------------  -----  ---------  --------  ----------  --------------  -------------------
/opt/airflow/dags/pipeline.py                           1           0  0.18s           2025-06-18T11:32:37
================================================================================
[2025-06-18T11:33:33.539+0000] {manager.py:737} INFO - Searching for files in /opt/airflow/dags
[2025-06-18T11:33:33.562+0000] {manager.py:740} INFO - There are 1 files in /opt/airflow/dags
[2025-06-18T11:33:37.331+0000] {manager.py:878} INFO - 
================================================================================
DAG File Processing Stats

File Path                      PID    Runtime      # DAGs    # Errors  Last Runtime    Last Run
-----------------------------  -----  ---------  --------  ----------  --------------  -------------------
/opt/airflow/dags/pipeline.py                           1           0  0.23s           2025-06-18T11:33:07
================================================================================
[2025-06-18T11:34:07.745+0000] {manager.py:878} INFO - 
================================================================================
DAG File Processing Stats

File Path                      PID    Runtime      # DAGs    # Errors  Last Runtime    Last Run
-----------------------------  -----  ---------  --------  ----------  --------------  -------------------
/opt/airflow/dags/pipeline.py                           1           0  0.17s           2025-06-18T11:33:37
================================================================================
[2025-06-18T11:34:38.044+0000] {manager.py:878} INFO - 
================================================================================
DAG File Processing Stats

File Path                        PID  Runtime      # DAGs    # Errors  Last Runtime    Last Run
-----------------------------  -----  ---------  --------  ----------  --------------  -------------------
/opt/airflow/dags/pipeline.py    235  0.00s             1           0  0.12s           2025-06-18T11:34:08
================================================================================
[2025-06-18T11:35:08.443+0000] {manager.py:878} INFO - 
================================================================================
DAG File Processing Stats

File Path                      PID    Runtime      # DAGs    # Errors  Last Runtime    Last Run
-----------------------------  -----  ---------  --------  ----------  --------------  -------------------
/opt/airflow/dags/pipeline.py                           1           0  0.23s           2025-06-18T11:34:46
================================================================================
[2025-06-18T11:35:33.737+0000] {manager.py:452} INFO - Exiting gracefully upon receiving signal 15
